<?xml version="1.0" encoding="UTF-8"?>
<!-- Generated by org.testng.reporters.JUnitReportReporter -->
<testsuite hostname="Rasheed-PC" name="JenkinsMavenGitHub.JenkinsMavenGitHubProj.JenkinsMavenGit" tests="1" failures="0" timestamp="27 Feb 2019 06:25:29 GMT" time="13.619" errors="0">
  <testcase name="jenkinsInteg" time="13.619" classname="JenkinsMavenGitHub.JenkinsMavenGitHubProj.JenkinsMavenGit"/>
</testsuite> <!-- JenkinsMavenGitHub.JenkinsMavenGitHubProj.JenkinsMavenGit -->
