<?xml version="1.0" encoding="UTF-8"?>
<!-- Generated by org.testng.reporters.JUnitReportReporter -->
<testsuite hostname="Rasheed-PC" name="JenkinsMavenGitHub.JenkinsMavenGitHubProj.JenkinsMavenGit" tests="1" failures="0" timestamp="26 Feb 2019 09:25:22 GMT" time="9.143" errors="0">
  <testcase name="jenkinsInteg" time="9.143" classname="JenkinsMavenGitHub.JenkinsMavenGitHubProj.JenkinsMavenGit"/>
</testsuite> <!-- JenkinsMavenGitHub.JenkinsMavenGitHubProj.JenkinsMavenGit -->
