<?xml version="1.0" encoding="UTF-8"?>
<testsuite xmlns:xsi="http://www.w3.org/2001/XMLSchema-instance" xsi:noNamespaceSchemaLocation="https://maven.apache.org/surefire/maven-surefire-plugin/xsd/surefire-test-report-3.0.xsd" version="3.0" name="TestSuite" time="16.132" tests="1" errors="0" skipped="0" failures="1">
  <properties>
    <property name="sun.desktop" value="windows"/>
    <property name="awt.toolkit" value="sun.awt.windows.WToolkit"/>
    <property name="file.encoding.pkg" value="sun.io"/>
    <property name="java.specification.version" value="1.8"/>
    <property name="sun.cpu.isalist" value="amd64"/>
    <property name="sun.jnu.encoding" value="Cp1252"/>
    <property name="java.class.path" value="C:\Users\Rasheed\Desktop\SandhyaGitHub\JenkinsMavenGitHubProj\target\test-classes;C:\Users\Rasheed\Desktop\SandhyaGitHub\JenkinsMavenGitHubProj\target\classes;C:\Users\Rasheed\.m2\repository\junit\junit\3.8.1\junit-3.8.1.jar;C:\Users\Rasheed\.m2\repository\org\seleniumhq\selenium\selenium-java\3.14.0\selenium-java-3.14.0.jar;C:\Users\Rasheed\.m2\repository\org\seleniumhq\selenium\selenium-api\3.14.0\selenium-api-3.14.0.jar;C:\Users\Rasheed\.m2\repository\org\seleniumhq\selenium\selenium-chrome-driver\3.14.0\selenium-chrome-driver-3.14.0.jar;C:\Users\Rasheed\.m2\repository\org\seleniumhq\selenium\selenium-edge-driver\3.14.0\selenium-edge-driver-3.14.0.jar;C:\Users\Rasheed\.m2\repository\org\seleniumhq\selenium\selenium-firefox-driver\3.14.0\selenium-firefox-driver-3.14.0.jar;C:\Users\Rasheed\.m2\repository\org\seleniumhq\selenium\selenium-ie-driver\3.14.0\selenium-ie-driver-3.14.0.jar;C:\Users\Rasheed\.m2\repository\org\seleniumhq\selenium\selenium-opera-driver\3.14.0\selenium-opera-driver-3.14.0.jar;C:\Users\Rasheed\.m2\repository\org\seleniumhq\selenium\selenium-remote-driver\3.14.0\selenium-remote-driver-3.14.0.jar;C:\Users\Rasheed\.m2\repository\org\seleniumhq\selenium\selenium-safari-driver\3.14.0\selenium-safari-driver-3.14.0.jar;C:\Users\Rasheed\.m2\repository\org\seleniumhq\selenium\selenium-support\3.14.0\selenium-support-3.14.0.jar;C:\Users\Rasheed\.m2\repository\net\bytebuddy\byte-buddy\1.8.15\byte-buddy-1.8.15.jar;C:\Users\Rasheed\.m2\repository\org\apache\commons\commons-exec\1.3\commons-exec-1.3.jar;C:\Users\Rasheed\.m2\repository\commons-codec\commons-codec\1.10\commons-codec-1.10.jar;C:\Users\Rasheed\.m2\repository\commons-logging\commons-logging\1.2\commons-logging-1.2.jar;C:\Users\Rasheed\.m2\repository\com\google\guava\guava\25.0-jre\guava-25.0-jre.jar;C:\Users\Rasheed\.m2\repository\com\google\code\findbugs\jsr305\1.3.9\jsr305-1.3.9.jar;C:\Users\Rasheed\.m2\repository\org\checkerframework\checker-compat-qual\2.0.0\checker-compat-qual-2.0.0.jar;C:\Users\Rasheed\.m2\repository\com\google\errorprone\error_prone_annotations\2.1.3\error_prone_annotations-2.1.3.jar;C:\Users\Rasheed\.m2\repository\com\google\j2objc\j2objc-annotations\1.1\j2objc-annotations-1.1.jar;C:\Users\Rasheed\.m2\repository\org\codehaus\mojo\animal-sniffer-annotations\1.14\animal-sniffer-annotations-1.14.jar;C:\Users\Rasheed\.m2\repository\org\apache\httpcomponents\httpclient\4.5.5\httpclient-4.5.5.jar;C:\Users\Rasheed\.m2\repository\org\apache\httpcomponents\httpcore\4.4.9\httpcore-4.4.9.jar;C:\Users\Rasheed\.m2\repository\com\squareup\okhttp3\okhttp\3.10.0\okhttp-3.10.0.jar;C:\Users\Rasheed\.m2\repository\com\squareup\okio\okio\1.14.1\okio-1.14.1.jar;C:\Users\Rasheed\.m2\repository\org\testng\testng\6.8\testng-6.8.jar;C:\Users\Rasheed\.m2\repository\org\beanshell\bsh\2.0b4\bsh-2.0b4.jar;C:\Users\Rasheed\.m2\repository\com\beust\jcommander\1.27\jcommander-1.27.jar;C:\Users\Rasheed\.m2\repository\org\yaml\snakeyaml\1.6\snakeyaml-1.6.jar;"/>
    <property name="java.vm.vendor" value="Oracle Corporation"/>
    <property name="sun.arch.data.model" value="64"/>
    <property name="user.variant" value=""/>
    <property name="java.vendor.url" value="http://java.oracle.com/"/>
    <property name="user.timezone" value="Asia/Calcutta"/>
    <property name="java.vm.specification.version" value="1.8"/>
    <property name="os.name" value="Windows 7"/>
    <property name="user.country" value="IN"/>
    <property name="sun.java.launcher" value="SUN_STANDARD"/>
    <property name="sun.boot.library.path" value="C:\Program Files\Java\jdk1.8.0_181\jre\bin"/>
    <property name="sun.java.command" value="C:\Users\Rasheed\AppData\Local\Temp\surefire8146337342177094252\surefirebooter2026855224101309830.jar C:\Users\Rasheed\AppData\Local\Temp\surefire8146337342177094252 2019-02-26T21-14-55_786-jvmRun1 surefire7901463730681984600tmp surefire_05299728151180254596tmp"/>
    <property name="surefire.test.class.path" value="C:\Users\Rasheed\Desktop\SandhyaGitHub\JenkinsMavenGitHubProj\target\test-classes;C:\Users\Rasheed\Desktop\SandhyaGitHub\JenkinsMavenGitHubProj\target\classes;C:\Users\Rasheed\.m2\repository\junit\junit\3.8.1\junit-3.8.1.jar;C:\Users\Rasheed\.m2\repository\org\seleniumhq\selenium\selenium-java\3.14.0\selenium-java-3.14.0.jar;C:\Users\Rasheed\.m2\repository\org\seleniumhq\selenium\selenium-api\3.14.0\selenium-api-3.14.0.jar;C:\Users\Rasheed\.m2\repository\org\seleniumhq\selenium\selenium-chrome-driver\3.14.0\selenium-chrome-driver-3.14.0.jar;C:\Users\Rasheed\.m2\repository\org\seleniumhq\selenium\selenium-edge-driver\3.14.0\selenium-edge-driver-3.14.0.jar;C:\Users\Rasheed\.m2\repository\org\seleniumhq\selenium\selenium-firefox-driver\3.14.0\selenium-firefox-driver-3.14.0.jar;C:\Users\Rasheed\.m2\repository\org\seleniumhq\selenium\selenium-ie-driver\3.14.0\selenium-ie-driver-3.14.0.jar;C:\Users\Rasheed\.m2\repository\org\seleniumhq\selenium\selenium-opera-driver\3.14.0\selenium-opera-driver-3.14.0.jar;C:\Users\Rasheed\.m2\repository\org\seleniumhq\selenium\selenium-remote-driver\3.14.0\selenium-remote-driver-3.14.0.jar;C:\Users\Rasheed\.m2\repository\org\seleniumhq\selenium\selenium-safari-driver\3.14.0\selenium-safari-driver-3.14.0.jar;C:\Users\Rasheed\.m2\repository\org\seleniumhq\selenium\selenium-support\3.14.0\selenium-support-3.14.0.jar;C:\Users\Rasheed\.m2\repository\net\bytebuddy\byte-buddy\1.8.15\byte-buddy-1.8.15.jar;C:\Users\Rasheed\.m2\repository\org\apache\commons\commons-exec\1.3\commons-exec-1.3.jar;C:\Users\Rasheed\.m2\repository\commons-codec\commons-codec\1.10\commons-codec-1.10.jar;C:\Users\Rasheed\.m2\repository\commons-logging\commons-logging\1.2\commons-logging-1.2.jar;C:\Users\Rasheed\.m2\repository\com\google\guava\guava\25.0-jre\guava-25.0-jre.jar;C:\Users\Rasheed\.m2\repository\com\google\code\findbugs\jsr305\1.3.9\jsr305-1.3.9.jar;C:\Users\Rasheed\.m2\repository\org\checkerframework\checker-compat-qual\2.0.0\checker-compat-qual-2.0.0.jar;C:\Users\Rasheed\.m2\repository\com\google\errorprone\error_prone_annotations\2.1.3\error_prone_annotations-2.1.3.jar;C:\Users\Rasheed\.m2\repository\com\google\j2objc\j2objc-annotations\1.1\j2objc-annotations-1.1.jar;C:\Users\Rasheed\.m2\repository\org\codehaus\mojo\animal-sniffer-annotations\1.14\animal-sniffer-annotations-1.14.jar;C:\Users\Rasheed\.m2\repository\org\apache\httpcomponents\httpclient\4.5.5\httpclient-4.5.5.jar;C:\Users\Rasheed\.m2\repository\org\apache\httpcomponents\httpcore\4.4.9\httpcore-4.4.9.jar;C:\Users\Rasheed\.m2\repository\com\squareup\okhttp3\okhttp\3.10.0\okhttp-3.10.0.jar;C:\Users\Rasheed\.m2\repository\com\squareup\okio\okio\1.14.1\okio-1.14.1.jar;C:\Users\Rasheed\.m2\repository\org\testng\testng\6.8\testng-6.8.jar;C:\Users\Rasheed\.m2\repository\org\beanshell\bsh\2.0b4\bsh-2.0b4.jar;C:\Users\Rasheed\.m2\repository\com\beust\jcommander\1.27\jcommander-1.27.jar;C:\Users\Rasheed\.m2\repository\org\yaml\snakeyaml\1.6\snakeyaml-1.6.jar;"/>
    <property name="sun.cpu.endian" value="little"/>
    <property name="user.home" value="C:\Users\Rasheed"/>
    <property name="user.language" value="en"/>
    <property name="java.specification.vendor" value="Oracle Corporation"/>
    <property name="java.home" value="C:\Program Files\Java\jdk1.8.0_181\jre"/>
    <property name="basedir" value="C:\Users\Rasheed\Desktop\SandhyaGitHub\JenkinsMavenGitHubProj"/>
    <property name="file.separator" value="\"/>
    <property name="line.separator" value="&#10;"/>
    <property name="java.vm.specification.vendor" value="Oracle Corporation"/>
    <property name="java.specification.name" value="Java Platform API Specification"/>
    <property name="java.awt.graphicsenv" value="sun.awt.Win32GraphicsEnvironment"/>
    <property name="surefire.real.class.path" value="C:\Users\Rasheed\AppData\Local\Temp\surefire8146337342177094252\surefirebooter2026855224101309830.jar"/>
    <property name="sun.boot.class.path" value="C:\Program Files\Java\jdk1.8.0_181\jre\lib\resources.jar;C:\Program Files\Java\jdk1.8.0_181\jre\lib\rt.jar;C:\Program Files\Java\jdk1.8.0_181\jre\lib\sunrsasign.jar;C:\Program Files\Java\jdk1.8.0_181\jre\lib\jsse.jar;C:\Program Files\Java\jdk1.8.0_181\jre\lib\jce.jar;C:\Program Files\Java\jdk1.8.0_181\jre\lib\charsets.jar;C:\Program Files\Java\jdk1.8.0_181\jre\lib\jfr.jar;C:\Program Files\Java\jdk1.8.0_181\jre\classes"/>
    <property name="user.script" value=""/>
    <property name="sun.management.compiler" value="HotSpot 64-Bit Tiered Compilers"/>
    <property name="java.runtime.version" value="1.8.0_181-b13"/>
    <property name="user.name" value="Rasheed"/>
    <property name="path.separator" value=";"/>
    <property name="os.version" value="6.1"/>
    <property name="java.endorsed.dirs" value="C:\Program Files\Java\jdk1.8.0_181\jre\lib\endorsed"/>
    <property name="java.runtime.name" value="Java(TM) SE Runtime Environment"/>
    <property name="file.encoding" value="Cp1252"/>
    <property name="java.vm.name" value="Java HotSpot(TM) 64-Bit Server VM"/>
    <property name="localRepository" value="C:\Users\Rasheed\.m2\repository"/>
    <property name="java.vendor.url.bug" value="http://bugreport.sun.com/bugreport/"/>
    <property name="java.io.tmpdir" value="C:\Users\Rasheed\AppData\Local\Temp\"/>
    <property name="java.version" value="1.8.0_181"/>
    <property name="user.dir" value="C:\Users\Rasheed\Desktop\SandhyaGitHub\JenkinsMavenGitHubProj"/>
    <property name="os.arch" value="amd64"/>
    <property name="java.vm.specification.name" value="Java Virtual Machine Specification"/>
    <property name="java.awt.printerjob" value="sun.awt.windows.WPrinterJob"/>
    <property name="sun.os.patch.level" value="Service Pack 1"/>
    <property name="java.library.path" value="C:\Program Files\Java\jdk1.8.0_181\jre\bin;C:\Windows\Sun\Java\bin;C:\Windows\system32;C:\Windows;D:\stdy\softwares\apache-maven-3.3.9/bin;C:\Program Files\Java\jdk1.8.0_181/bin;C:\Program Files\Java\jdk1.8.0_181/bin;C:\oraclexe\app\oracle\product\10.2.0\server\bin;C:\ProgramData\Oracle\Java\javapath;C:\Program Files (x86)\Common Files\Oracle\Java\javapath;C:\Windows\system32;C:\Windows;C:\Windows\System32\Wbem;C:\Windows\System32\WindowsPowerShell\v1.0\;C:\Program Files\Java\jdk1.8.0_181\bin;D:\stdy\softwares\apache-maven-3.3.9\bin;C:\PostgreSQL\pg96\bin;D:\Apium\AndroidSDK\tools;D:\Apium\AndroidSDK\platform-tools;D:\Apium\AndroidSDK\build-tools;C:\Program Files\gradle-5.1.1\bin;C:\Program Files\Git\cmd;C:\Ruby25-x64\bin;."/>
    <property name="java.vm.info" value="mixed mode"/>
    <property name="java.vendor" value="Oracle Corporation"/>
    <property name="java.vm.version" value="25.181-b13"/>
    <property name="java.ext.dirs" value="C:\Program Files\Java\jdk1.8.0_181\jre\lib\ext;C:\Windows\Sun\Java\lib\ext"/>
    <property name="sun.io.unicode.encoding" value="UnicodeLittle"/>
    <property name="java.class.version" value="52.0"/>
  </properties>
  <testcase name="jenkinsInteg" classname="JenkinsMavenGitHub.JenkinsMavenGitHubProj.JenkinsMavenGit" time="15.505">
    <failure message="Reached error page: about:neterror?e=dnsNotFound&amp;u=http%3A//inctest.apcgg.gov.in/&amp;c=UTF-8&amp;f=regular&amp;d=We%20can%E2%80%99t%20connect%20to%20the%20server%20at%20inctest.apcgg.gov.in.&#10;Build info: version: &apos;3.14.0&apos;, revision: &apos;aacccce0&apos;, time: &apos;2018-08-02T20:19:58.91Z&apos;&#10;System info: host: &apos;RASHEED-PC&apos;, ip: &apos;192.168.2.8&apos;, os.name: &apos;Windows 7&apos;, os.arch: &apos;amd64&apos;, os.version: &apos;6.1&apos;, java.version: &apos;1.8.0_181&apos;&#10;Driver info: org.openqa.selenium.firefox.FirefoxDriver&#10;Capabilities {acceptInsecureCerts: true, browserName: firefox, browserVersion: 65.0.1, javascriptEnabled: true, moz:accessibilityChecks: false, moz:geckodriverVersion: 0.24.0, moz:headless: false, moz:processID: 6152, moz:profile: C:\Users\Rasheed\AppData\Lo..., moz:shutdownTimeout: 60000, moz:useNonSpecCompliantPointerOrigin: false, moz:webdriverClick: true, pageLoadStrategy: normal, platform: WINDOWS, platformName: WINDOWS, platformVersion: 6.1, rotatable: false, setWindowRect: true, strictFileInteractability: false, timeouts: {implicit: 0, pageLoad: 300000, script: 30000}, unhandledPromptBehavior: dismiss and notify}&#10;Session ID: eacc66ea-751d-4e6a-a2d4-f8ec28ecd9e1" type="org.openqa.selenium.WebDriverException"><![CDATA[org.openqa.selenium.WebDriverException: 
Reached error page: about:neterror?e=dnsNotFound&u=http%3A//inctest.apcgg.gov.in/&c=UTF-8&f=regular&d=We%20can%E2%80%99t%20connect%20to%20the%20server%20at%20inctest.apcgg.gov.in.
Build info: version: '3.14.0', revision: 'aacccce0', time: '2018-08-02T20:19:58.91Z'
System info: host: 'RASHEED-PC', ip: '192.168.2.8', os.name: 'Windows 7', os.arch: 'amd64', os.version: '6.1', java.version: '1.8.0_181'
Driver info: org.openqa.selenium.firefox.FirefoxDriver
Capabilities {acceptInsecureCerts: true, browserName: firefox, browserVersion: 65.0.1, javascriptEnabled: true, moz:accessibilityChecks: false, moz:geckodriverVersion: 0.24.0, moz:headless: false, moz:processID: 6152, moz:profile: C:\Users\Rasheed\AppData\Lo..., moz:shutdownTimeout: 60000, moz:useNonSpecCompliantPointerOrigin: false, moz:webdriverClick: true, pageLoadStrategy: normal, platform: WINDOWS, platformName: WINDOWS, platformVersion: 6.1, rotatable: false, setWindowRect: true, strictFileInteractability: false, timeouts: {implicit: 0, pageLoad: 300000, script: 30000}, unhandledPromptBehavior: dismiss and notify}
Session ID: eacc66ea-751d-4e6a-a2d4-f8ec28ecd9e1
	at JenkinsMavenGitHub.JenkinsMavenGitHubProj.JenkinsMavenGit.jenkinsInteg(JenkinsMavenGit.java:50)
]]></failure>
    <system-out><![CDATA[my first commit
my second commit
my third commit
my fourth commit
my fifth commit
my sixth commit
my seventh commit
my 9th commit
my tenth commit
my 11th commit
my 12th commit
my 13th commit
my 14th commit
my 15th commit
my 16th commit
my 17th commit
my 18th commit
my 19th commigt
my 20th commit
my 21st commit
my 22nd commit
my 22nd commit
my 23nd commit
my 24th commit
my 25th commit
my 26th commit
my 27th commit
my 28th commit
my 29th commit
my 30th commit
my 31th commit
navigating to BRS URL
]]></system-out>
    <system-err><![CDATA[1551195898314	mozrunner::runner	INFO	Running command: "C:\\Program Files\\Mozilla Firefox\\firefox.exe" "-marionette" "-foreground" "-no-remote" "-profile" "C:\\Users\\Rasheed\\AppData\\Local\\Temp\\rust_mozprofile.1kttjIB6sfOK"
1551195898729	addons.webextension.screenshots@mozilla.org	WARN	Loading extension 'screenshots@mozilla.org': Reading manifest: Invalid host permission: resource://pdf.js/
1551195898729	addons.webextension.screenshots@mozilla.org	WARN	Loading extension 'screenshots@mozilla.org': Reading manifest: Invalid host permission: about:reader*
1551195902813	Marionette	INFO	Listening on port 49428
1551195903229	Marionette	WARN	TLS certificate errors will be ignored for this session
Feb 26, 2019 9:15:03 PM org.openqa.selenium.remote.ProtocolHandshake createSession
INFO: Detected dialect: W3C
]]></system-err>
  </testcase>
</testsuite>