<?xml version="1.0" encoding="UTF-8"?>
<!-- Generated by org.testng.reporters.JUnitReportReporter -->
<testsuite hostname="Rasheed-PC" name="JenkinsMavenGitHub.JenkinsMavenGitHubProj.JenkinsMavenGit" tests="1" failures="0" timestamp="2 Mar 2019 05:38:09 GMT" time="15.577" errors="0">
  <testcase name="jenkinsInteg" time="15.577" classname="JenkinsMavenGitHub.JenkinsMavenGitHubProj.JenkinsMavenGit"/>
</testsuite> <!-- JenkinsMavenGitHub.JenkinsMavenGitHubProj.JenkinsMavenGit -->
