<?xml version="1.0" encoding="UTF-8"?>
<!-- Generated by org.testng.reporters.JUnitReportReporter -->
<testsuite hostname="Rasheed-PC" name="rough.CollectionPrograms" tests="1" failures="0" timestamp="2 Mar 2019 05:38:09 GMT" time="0.004" errors="0">
  <testcase name="arryList" time="0.004" classname="rough.CollectionPrograms"/>
</testsuite> <!-- rough.CollectionPrograms -->
